1488562551731	geckodriver	INFO	Listening on 127.0.0.1:61121
1488562553886	mozprofile::profile	INFO	Using profile path C:\Users\SMALEV~1\AppData\Local\Temp\rust_mozprofile.5auDkh1Fs255
1488562554004	geckodriver::marionette	INFO	Starting browser C:\Program Files (x86)\Mozilla Firefox\firefox.exe
1488562554080	geckodriver::marionette	INFO	Connecting to Marionette on localhost:61132
1488562555732	addons.manager	DEBUG	Application has been upgraded
1488562556013	addons.manager	DEBUG	Loaded provider scope for resource://gre/modules/addons/XPIProvider.jsm: ["XPIProvider"]
1488562556025	addons.manager	DEBUG	Loaded provider scope for resource://gre/modules/LightweightThemeManager.jsm: ["LightweightThemeManager"]
1488562556054	addons.manager	DEBUG	Loaded provider scope for resource://gre/modules/addons/GMPProvider.jsm
1488562556066	addons.manager	DEBUG	Loaded provider scope for resource://gre/modules/addons/PluginProvider.jsm
1488562556072	addons.manager	DEBUG	Starting provider: XPIProvider
1488562556074	addons.xpi	DEBUG	startup
1488562556078	addons.xpi	INFO	SystemAddonInstallLocation directory is missing
1488562556089	addons.xpi	INFO	Mapping aushelper@mozilla.org to C:\Program Files (x86)\Mozilla Firefox\browser\features\aushelper@mozilla.org.xpi
1488562556091	addons.xpi	INFO	Mapping e10srollout@mozilla.org to C:\Program Files (x86)\Mozilla Firefox\browser\features\e10srollout@mozilla.org.xpi
1488562556094	addons.xpi	INFO	Mapping firefox@getpocket.com to C:\Program Files (x86)\Mozilla Firefox\browser\features\firefox@getpocket.com.xpi
1488562556096	addons.xpi	INFO	Mapping webcompat@mozilla.org to C:\Program Files (x86)\Mozilla Firefox\browser\features\webcompat@mozilla.org.xpi
1488562556102	addons.xpi	INFO	Mapping {972ce4c6-7e08-4474-a285-3208198ce6fd} to C:\Program Files (x86)\Mozilla Firefox\browser\extensions\{972ce4c6-7e08-4474-a285-3208198ce6fd}.xpi
1488562556106	addons.xpi	DEBUG	checkForChanges
1488562556109	addons.xpi	DEBUG	Loaded add-on state from prefs: {}
1488562556115	addons.xpi	DEBUG	New add-on aushelper@mozilla.org in app-system-defaults
1488562556119	addons.xpi	DEBUG	getModTime: Recursive scan of aushelper@mozilla.org
1488562556122	addons.xpi	DEBUG	New add-on e10srollout@mozilla.org in app-system-defaults
1488562556125	addons.xpi	DEBUG	getModTime: Recursive scan of e10srollout@mozilla.org
1488562556127	addons.xpi	DEBUG	New add-on firefox@getpocket.com in app-system-defaults
1488562556131	addons.xpi	DEBUG	getModTime: Recursive scan of firefox@getpocket.com
1488562556135	addons.xpi	DEBUG	New add-on webcompat@mozilla.org in app-system-defaults
1488562556136	addons.xpi	DEBUG	getModTime: Recursive scan of webcompat@mozilla.org
1488562556140	addons.xpi	DEBUG	New add-on {972ce4c6-7e08-4474-a285-3208198ce6fd} in app-global
1488562556143	addons.xpi	DEBUG	getModTime: Recursive scan of {972ce4c6-7e08-4474-a285-3208198ce6fd}
1488562556146	addons.xpi	DEBUG	getInstallState changed: true, state: {"app-system-defaults":{"aushelper@mozilla.org":{"d":"C:\\Program Files (x86)\\Mozilla Firefox\\browser\\features\\aushelper@mozilla.org.xpi","st":1488299794050},"e10srollout@mozilla.org":{"d":"C:\\Program Files (x86)\\Mozilla Firefox\\browser\\features\\e10srollout@mozilla.org.xpi","st":1488299794048},"firefox@getpocket.com":{"d":"C:\\Program Files (x86)\\Mozilla Firefox\\browser\\features\\firefox@getpocket.com.xpi","st":1488299794045},"webcompat@mozilla.org":{"d":"C:\\Program Files (x86)\\Mozilla Firefox\\browser\\features\\webcompat@mozilla.org.xpi","st":1488299793981}},"app-global":{"{972ce4c6-7e08-4474-a285-3208198ce6fd}":{"d":"C:\\Program Files (x86)\\Mozilla Firefox\\browser\\extensions\\{972ce4c6-7e08-4474-a285-3208198ce6fd}.xpi","st":1488299794053}}}
1488562556206	addons.xpi-utils	DEBUG	Opening XPI database C:\Users\SMALEV~1\AppData\Local\Temp\rust_mozprofile.5auDkh1Fs255\extensions.json
1488562556221	addons.xpi-utils	DEBUG	New add-on aushelper@mozilla.org installed in app-system-defaults
*** Blocklist::_loadBlocklistFromFile: blocklist is disabled
1488562556311	DeferredSave.extensions.json	DEBUG	Save changes
1488562556314	addons.xpi-utils	DEBUG	New add-on e10srollout@mozilla.org installed in app-system-defaults
1488562556338	DeferredSave.extensions.json	DEBUG	Starting timer
1488562556348	DeferredSave.extensions.json	DEBUG	Save changes
1488562556348	addons.xpi-utils	DEBUG	New add-on firefox@getpocket.com installed in app-system-defaults
1488562556393	DeferredSave.extensions.json	DEBUG	Save changes
1488562556393	addons.xpi-utils	DEBUG	New add-on webcompat@mozilla.org installed in app-system-defaults
1488562556424	DeferredSave.extensions.json	DEBUG	Save changes
1488562556430	addons.xpi-utils	DEBUG	New add-on {972ce4c6-7e08-4474-a285-3208198ce6fd} installed in app-global
1488562556455	DeferredSave.extensions.json	DEBUG	Save changes
1488562556458	addons.manager	DEBUG	Registering startup change 'installed' for aushelper@mozilla.org
1488562556508	addons.xpi	DEBUG	Loading bootstrap scope from C:\Program Files (x86)\Mozilla Firefox\browser\features\aushelper@mozilla.org.xpi
1488562556545	addons.xpi	DEBUG	Calling bootstrap method install on aushelper@mozilla.org version 1.0
1488562556545	addons.xpi-utils	DEBUG	Make addon app-system-defaults:aushelper@mozilla.org visible
1488562556546	DeferredSave.extensions.json	DEBUG	Save changes
1488562556551	addons.manager	DEBUG	Registering startup change 'installed' for e10srollout@mozilla.org
1488562556554	addons.xpi	DEBUG	Loading bootstrap scope from C:\Program Files (x86)\Mozilla Firefox\browser\features\e10srollout@mozilla.org.xpi
1488562556572	addons.xpi	DEBUG	Calling bootstrap method install on e10srollout@mozilla.org version 1.7
1488562556577	addons.xpi-utils	DEBUG	Make addon app-system-defaults:e10srollout@mozilla.org visible
1488562556580	DeferredSave.extensions.json	DEBUG	Save changes
1488562556581	addons.manager	DEBUG	Registering startup change 'installed' for firefox@getpocket.com
1488562556585	addons.xpi	DEBUG	Loading bootstrap scope from C:\Program Files (x86)\Mozilla Firefox\browser\features\firefox@getpocket.com.xpi
1488562556612	addons.xpi	DEBUG	Calling bootstrap method install on firefox@getpocket.com version 1.0.5
1488562556613	addons.xpi-utils	DEBUG	Make addon app-system-defaults:firefox@getpocket.com visible
1488562556614	DeferredSave.extensions.json	DEBUG	Save changes
1488562556615	addons.manager	DEBUG	Registering startup change 'installed' for webcompat@mozilla.org
1488562556619	addons.xpi	DEBUG	Loading bootstrap scope from C:\Program Files (x86)\Mozilla Firefox\browser\features\webcompat@mozilla.org.xpi
1488562556631	addons.xpi	DEBUG	Calling bootstrap method install on webcompat@mozilla.org version 1.0
1488562556632	addons.xpi-utils	DEBUG	Make addon app-system-defaults:webcompat@mozilla.org visible
1488562556634	DeferredSave.extensions.json	DEBUG	Save changes
1488562556635	addons.xpi-utils	DEBUG	Make addon app-global:{972ce4c6-7e08-4474-a285-3208198ce6fd} visible
1488562556637	DeferredSave.extensions.json	DEBUG	Save changes
1488562556639	addons.xpi	DEBUG	Updating XPIState for {"id":"aushelper@mozilla.org","syncGUID":"{001bbe17-7578-4045-81c1-aefccfebabf5}","location":"app-system-defaults","version":"1.0","type":"extension","internalName":null,"updateURL":null,"updateKey":null,"optionsURL":null,"optionsType":null,"aboutURL":null,"icons":{},"iconURL":null,"icon64URL":null,"defaultLocale":{"name":"Application Update Service Helper","description":"Sets value(s) in the update url based on custom checks.","creator":null,"homepageURL":null},"visible":true,"active":true,"userDisabled":false,"appDisabled":false,"descriptor":"C:\\Program Files (x86)\\Mozilla Firefox\\browser\\features\\aushelper@mozilla.org.xpi","installDate":1488299794050,"updateDate":1488299794050,"applyBackgroundUpdates":1,"bootstrap":true,"skinnable":false,"size":5975,"sourceURI":null,"releaseNotesURI":null,"softDisabled":false,"foreignInstall":false,"hasBinaryComponents":false,"strictCompatibility":false,"locales":[],"targetApplications":[{"id":"{ec8030f7-c20a-464f-9b0e-13a3a9e97384}","minVersion":"51.0.1","maxVersion":"51.*"}],"targetPlatforms":[],"multiprocessCompatible":true,"seen":true,"dependencies":[],"hasEmbeddedWebExtension":false,"mpcOptedOut":false}
1488562556640	addons.xpi	DEBUG	getModTime: Recursive scan of aushelper@mozilla.org
1488562556643	addons.xpi	DEBUG	Updating XPIState for {"id":"e10srollout@mozilla.org","syncGUID":"{0023f99f-02b5-4e6c-aa50-ae54d88e0265}","location":"app-system-defaults","version":"1.7","type":"extension","internalName":null,"updateURL":null,"updateKey":null,"optionsURL":null,"optionsType":null,"aboutURL":null,"icons":{},"iconURL":null,"icon64URL":null,"defaultLocale":{"name":"Multi-process staged rollout","description":"Staged rollout of Firefox multi-process feature.","creator":null,"homepageURL":null},"visible":true,"active":true,"userDisabled":false,"appDisabled":false,"descriptor":"C:\\Program Files (x86)\\Mozilla Firefox\\browser\\features\\e10srollout@mozilla.org.xpi","installDate":1488299794048,"updateDate":1488299794048,"applyBackgroundUpdates":1,"bootstrap":true,"skinnable":false,"size":6997,"sourceURI":null,"releaseNotesURI":null,"softDisabled":false,"foreignInstall":false,"hasBinaryComponents":false,"strictCompatibility":false,"locales":[],"targetApplications":[{"id":"{ec8030f7-c20a-464f-9b0e-13a3a9e97384}","minVersion":"51.0.1","maxVersion":"51.*"}],"targetPlatforms":[],"multiprocessCompatible":true,"seen":true,"dependencies":[],"hasEmbeddedWebExtension":false,"mpcOptedOut":false}
1488562556643	addons.xpi	DEBUG	getModTime: Recursive scan of e10srollout@mozilla.org
1488562556647	addons.xpi	DEBUG	Updating XPIState for {"id":"firefox@getpocket.com","syncGUID":"{56a6944c-6c52-4248-864c-aa305b313995}","location":"app-system-defaults","version":"1.0.5","type":"extension","internalName":null,"updateURL":null,"updateKey":null,"optionsURL":null,"optionsType":null,"aboutURL":null,"icons":{},"iconURL":null,"icon64URL":null,"defaultLocale":{"name":"Pocket","description":"When you find something you want to view later, put it in Pocket.","creator":null,"homepageURL":null},"visible":true,"active":true,"userDisabled":false,"appDisabled":false,"descriptor":"C:\\Program Files (x86)\\Mozilla Firefox\\browser\\features\\firefox@getpocket.com.xpi","installDate":1488299794045,"updateDate":1488299794045,"applyBackgroundUpdates":1,"bootstrap":true,"skinnable":false,"size":921988,"sourceURI":null,"releaseNotesURI":null,"softDisabled":false,"foreignInstall":false,"hasBinaryComponents":false,"strictCompatibility":false,"locales":[],"targetApplications":[{"id":"{ec8030f7-c20a-464f-9b0e-13a3a9e97384}","minVersion":"51.0.1","maxVersion":"51.*"}],"targetPlatforms":[],"multiprocessCompatible":true,"seen":true,"dependencies":[],"hasEmbeddedWebExtension":false,"mpcOptedOut":false}
1488562556647	addons.xpi	DEBUG	getModTime: Recursive scan of firefox@getpocket.com
1488562556650	addons.xpi	DEBUG	Updating XPIState for {"id":"webcompat@mozilla.org","syncGUID":"{597e2991-7917-481e-92e3-fca3e346f8f3}","location":"app-system-defaults","version":"1.0","type":"extension","internalName":null,"updateURL":null,"updateKey":null,"optionsURL":null,"optionsType":null,"aboutURL":null,"icons":{},"iconURL":null,"icon64URL":null,"defaultLocale":{"name":"Web Compat","description":"Urgent post-release fixes for web compatibility.","creator":null,"homepageURL":null},"visible":true,"active":true,"userDisabled":false,"appDisabled":false,"descriptor":"C:\\Program Files (x86)\\Mozilla Firefox\\browser\\features\\webcompat@mozilla.org.xpi","installDate":1488299793981,"updateDate":1488299793981,"applyBackgroundUpdates":1,"bootstrap":true,"skinnable":false,"size":1570,"sourceURI":null,"releaseNotesURI":null,"softDisabled":false,"foreignInstall":false,"hasBinaryComponents":false,"strictCompatibility":false,"locales":[],"targetApplications":[{"id":"{ec8030f7-c20a-464f-9b0e-13a3a9e97384}","minVersion":"51.0.1","maxVersion":"51.*"}],"targetPlatforms":[],"multiprocessCompatible":true,"seen":true,"dependencies":[],"hasEmbeddedWebExtension":false,"mpcOptedOut":false}
1488562556651	addons.xpi	DEBUG	getModTime: Recursive scan of webcompat@mozilla.org
1488562556654	addons.xpi	DEBUG	Updating XPIState for {"id":"{972ce4c6-7e08-4474-a285-3208198ce6fd}","syncGUID":"{4c038cd7-2b02-4d4b-9832-bf63d42638ec}","location":"app-global","version":"51.0.1","type":"theme","internalName":"classic/1.0","updateURL":null,"updateKey":null,"optionsURL":null,"optionsType":null,"aboutURL":null,"icons":{"32":"icon.png","48":"icon.png"},"iconURL":null,"icon64URL":null,"defaultLocale":{"name":"Default","description":"The default theme.","creator":"Mozilla","homepageURL":null,"contributors":["Mozilla Contributors"]},"visible":true,"active":true,"userDisabled":false,"appDisabled":false,"descriptor":"C:\\Program Files (x86)\\Mozilla Firefox\\browser\\extensions\\{972ce4c6-7e08-4474-a285-3208198ce6fd}.xpi","installDate":1488299794053,"updateDate":1488299794053,"applyBackgroundUpdates":1,"skinnable":true,"size":19708,"sourceURI":null,"releaseNotesURI":null,"softDisabled":false,"foreignInstall":false,"hasBinaryComponents":false,"strictCompatibility":true,"locales":[],"targetApplications":[{"id":"{ec8030f7-c20a-464f-9b0e-13a3a9e97384}","minVersion":"51.0.1","maxVersion":"51.0.1"}],"targetPlatforms":[],"seen":true,"dependencies":[],"hasEmbeddedWebExtension":false}
1488562556654	addons.xpi	DEBUG	getModTime: Recursive scan of {972ce4c6-7e08-4474-a285-3208198ce6fd}
1488562556662	DeferredSave.extensions.json	DEBUG	Save changes
1488562556662	addons.xpi	DEBUG	Updating database with changes to installed add-ons
1488562556663	addons.xpi-utils	DEBUG	Updating add-on states
1488562556671	addons.xpi-utils	DEBUG	Writing add-ons list
1488562556708	addons.xpi	DEBUG	Registering manifest for C:\Program Files (x86)\Mozilla Firefox\browser\features\aushelper@mozilla.org.xpi
1488562556713	addons.xpi	DEBUG	Calling bootstrap method startup on aushelper@mozilla.org version 1.0
1488562556723	addons.xpi	DEBUG	Registering manifest for C:\Program Files (x86)\Mozilla Firefox\browser\features\e10srollout@mozilla.org.xpi
1488562556728	addons.xpi	DEBUG	Calling bootstrap method startup on e10srollout@mozilla.org version 1.7
1488562556731	addons.xpi	DEBUG	Registering manifest for C:\Program Files (x86)\Mozilla Firefox\browser\features\firefox@getpocket.com.xpi
1488562556737	addons.xpi	DEBUG	Calling bootstrap method startup on firefox@getpocket.com version 1.0.5
1488562556748	addons.xpi	DEBUG	Registering manifest for C:\Program Files (x86)\Mozilla Firefox\browser\features\webcompat@mozilla.org.xpi
1488562556751	addons.xpi	DEBUG	Calling bootstrap method startup on webcompat@mozilla.org version 1.0
1488562556764	addons.manager	DEBUG	Registering shutdown blocker for XPIProvider
1488562556766	addons.manager	DEBUG	Provider finished startup: XPIProvider
1488562556766	addons.manager	DEBUG	Starting provider: LightweightThemeManager
1488562556767	addons.manager	DEBUG	Registering shutdown blocker for LightweightThemeManager
1488562556768	addons.manager	DEBUG	Provider finished startup: LightweightThemeManager
1488562556771	addons.manager	DEBUG	Starting provider: GMPProvider
1488562556829	addons.manager	DEBUG	Registering shutdown blocker for GMPProvider
1488562556830	addons.manager	DEBUG	Provider finished startup: GMPProvider
1488562556831	addons.manager	DEBUG	Starting provider: PluginProvider
1488562556832	addons.manager	DEBUG	Registering shutdown blocker for PluginProvider
1488562556833	addons.manager	DEBUG	Provider finished startup: PluginProvider
1488562556836	addons.manager	DEBUG	Completed startup sequence
1488562558415	Marionette	INFO	Listening on port 61132
1488562559582	addons.manager	DEBUG	Starting provider: <unnamed-provider>
1488562559583	addons.manager	DEBUG	Registering shutdown blocker for <unnamed-provider>
1488562559585	addons.manager	DEBUG	Provider finished startup: <unnamed-provider>
1488562559911	addons.manager	DEBUG	Starting provider: PreviousExperimentProvider
1488562559912	addons.manager	DEBUG	Registering shutdown blocker for PreviousExperimentProvider
1488562559915	addons.manager	DEBUG	Provider finished startup: PreviousExperimentProvider
1488562559936	DeferredSave.extensions.json	DEBUG	Starting write
1488562561182	DeferredSave.extensions.json	DEBUG	Write succeeded
1488562561184	addons.xpi-utils	DEBUG	XPI Database saved, setting schema version preference to 19
1488562567478	Marionette	WARN	Using deprecated data structure for setting timeouts
1488562567501	Marionette	WARN	Using deprecated data structure for setting timeouts
[Child 102564] WARNING: pipe error: 232: file c:/builds/moz2_slave/m-rel-w32-00000000000000000000/build/src/ipc/chromium/src/chrome/common/ipc_channel_win.cc, line 513
[Child 102564] ###!!! ABORT: Aborting on channel error.: file c:/builds/moz2_slave/m-rel-w32-00000000000000000000/build/src/ipc/glue/MessageChannel.cpp, line 2056
.xpi	DEBUG	Calling bootstrap method shutdown on aushelper@mozilla.org version 1.0
[Child 84812] WARNING: pipe error: 109: file c:/builds/moz2_slave/m-rel-w32-00000000000000000000/build/src/ipc/chromium/src/chrome/common/ipc_channel_win.cc, line 346
[Child 84812] WARNING: pipe error: 109: file c:/builds/moz2_slave/m-rel-w32-00000000000000000000/build/src/ipc/chromium/src/chrome/common/ipc_channel_win.cc, line 346
1488311256596	addons.manager	DEBUG	shutdown
1488311256597	addons.manager	DEBUG	Calling shutdown blocker for XPIProvider
1488311256597	addons.xpi	DEBUG	shutdown
1488311256598	addons.xpi-utils	DEBUG	shutdown
1488311256599	addons.manager	DEBUG	Calling shutdown blocker for LightweightThemeManager
1488311256600	addons.manager	DEBUG	Calling shutdown blocker for GMPProvider
1488311256603	addons.manager	DEBUG	Calling shutdown blocker for PluginProvider
1488311256604	addons.manager	DEBUG	Calling shutdown blocker for <unnamed-provider>
1488311256606	addons.manager	DEBUG	Calling shutdown blocker for PreviousExperimentProvider
1488311256610	addons.xpi	DEBUG	Notifying XPI shutdown observers
1488311256616	addons.manager	DEBUG	Async provider shutdown done
